Experiment:  0
Classifier nb
nbaccuracy on clean data 0.7125
nbaccuracy on tainted data 0.4375
nbACRA accuracy on tainted data var0 0.6895833333333333
nbACRA accuracy on tainted data var0.3 0.7354166666666667
Classifier nn
nnaccuracy on clean data 0.6854166666666667
nnaccuracy on tainted data 0.4125
nnACRA accuracy on tainted data var0 0.8833333333333333
nnACRA accuracy on tainted data var0.3 0.8833333333333333
Classifier lr
lraccuracy on clean data 0.7083333333333334
lraccuracy on tainted data 0.41875
lrACRA accuracy on tainted data var0 0.7458333333333333
lrACRA accuracy on tainted data var0.3 0.81875
Classifier rf
rfaccuracy on clean data 0.7166666666666667
rfaccuracy on tainted data 0.41041666666666665
rfACRA accuracy on tainted data var0 0.8333333333333334
rfACRA accuracy on tainted data var0.3 0.8354166666666667
Writing Experiment  0
Experiment:  1
Classifier nb
nbaccuracy on clean data 0.6895833333333333
nbaccuracy on tainted data 0.40208333333333335
nbACRA accuracy on tainted data var0 0.7541666666666667
nbACRA accuracy on tainted data var0.3 0.75625
Classifier nn
nnaccuracy on clean data 0.6791666666666667
nnaccuracy on tainted data 0.375
nnACRA accuracy on tainted data var0 0.80625
nnACRA accuracy on tainted data var0.3 0.8270833333333333
Classifier lr
lraccuracy on clean data 0.69375
lraccuracy on tainted data 0.39166666666666666
lrACRA accuracy on tainted data var0 0.7166666666666667
lrACRA accuracy on tainted data var0.3 0.8020833333333334
Classifier rf
rfaccuracy on clean data 0.6979166666666666
rfaccuracy on tainted data 0.39375
rfACRA accuracy on tainted data var0 0.8020833333333334
rfACRA accuracy on tainted data var0.3 0.7833333333333333
Writing Experiment  1
Experiment:  2
Classifier nb
nbaccuracy on clean data 0.7291666666666666
nbaccuracy on tainted data 0.41041666666666665
nbACRA accuracy on tainted data var0 0.7479166666666667
nbACRA accuracy on tainted data var0.3 0.75
Classifier nn
nnaccuracy on clean data 0.7291666666666666
nnaccuracy on tainted data 0.4375
nnACRA accuracy on tainted data var0 0.7916666666666666
nnACRA accuracy on tainted data var0.3 0.7708333333333334
Classifier lr
lraccuracy on clean data 0.7354166666666667
lraccuracy on tainted data 0.3958333333333333
lrACRA accuracy on tainted data var0 0.7041666666666667
lrACRA accuracy on tainted data var0.3 0.8625
Classifier rf
rfaccuracy on clean data 0.7291666666666666
rfaccuracy on tainted data 0.3958333333333333
rfACRA accuracy on tainted data var0 0.8041666666666667
rfACRA accuracy on tainted data var0.3 0.7916666666666666
Writing Experiment  2
Experiment:  3
Classifier nb
nbaccuracy on clean data 0.6875
nbaccuracy on tainted data 0.3875
nbACRA accuracy on tainted data var0 0.8791666666666667
nbACRA accuracy on tainted data var0.3 0.8625
Classifier nn
nnaccuracy on clean data 0.50625
nnaccuracy on tainted data 0.5020833333333333
nnACRA accuracy on tainted data var0 0.50625
nnACRA accuracy on tainted data var0.3 0.50625
Classifier lr
lraccuracy on clean data 0.7208333333333333
lraccuracy on tainted data 0.42083333333333334
lrACRA accuracy on tainted data var0 0.6625
lrACRA accuracy on tainted data var0.3 0.8020833333333334
Classifier rf
rfaccuracy on clean data 0.7104166666666667
rfaccuracy on tainted data 0.40208333333333335
rfACRA accuracy on tainted data var0 0.8354166666666667
rfACRA accuracy on tainted data var0.3 0.8541666666666666
Writing Experiment  3
Experiment:  4
Classifier nb
nbaccuracy on clean data 0.7458333333333333
nbaccuracy on tainted data 0.4708333333333333
nbACRA accuracy on tainted data var0 0.65625
nbACRA accuracy on tainted data var0.3 0.7354166666666667
Classifier nn
nnaccuracy on clean data 0.4875
nnaccuracy on tainted data 0.4875
nnACRA accuracy on tainted data var0 0.4875
nnACRA accuracy on tainted data var0.3 0.4875
Classifier lr
lraccuracy on clean data 0.7458333333333333
lraccuracy on tainted data 0.41875
lrACRA accuracy on tainted data var0 0.7166666666666667
lrACRA accuracy on tainted data var0.3 0.85625
Classifier rf
rfaccuracy on clean data 0.7354166666666667
rfaccuracy on tainted data 0.39791666666666664
rfACRA accuracy on tainted data var0 0.7645833333333333
rfACRA accuracy on tainted data var0.3 0.7875
Writing Experiment  4
Experiment:  5
Classifier nb
nbaccuracy on clean data 0.7166666666666667
nbaccuracy on tainted data 0.40208333333333335
nbACRA accuracy on tainted data var0 0.9
nbACRA accuracy on tainted data var0.3 0.8979166666666667
Classifier nn
nnaccuracy on clean data 0.7125
nnaccuracy on tainted data 0.4
nnACRA accuracy on tainted data var0 0.7833333333333333
nnACRA accuracy on tainted data var0.3 0.7770833333333333
Classifier lr
lraccuracy on clean data 0.73125
lraccuracy on tainted data 0.41875
lrACRA accuracy on tainted data var0 0.775
lrACRA accuracy on tainted data var0.3 0.7833333333333333
Classifier rf
rfaccuracy on clean data 0.7083333333333334
rfaccuracy on tainted data 0.4125
rfACRA accuracy on tainted data var0 0.71875
rfACRA accuracy on tainted data var0.3 0.7791666666666667
Writing Experiment  5
Experiment:  6
Classifier nb
nbaccuracy on clean data 0.75
nbaccuracy on tainted data 0.43333333333333335
nbACRA accuracy on tainted data var0 0.7520833333333333
nbACRA accuracy on tainted data var0.3 0.7479166666666667
Classifier nn
nnaccuracy on clean data 0.7645833333333333
nnaccuracy on tainted data 0.45
nnACRA accuracy on tainted data var0 0.7208333333333333
nnACRA accuracy on tainted data var0.3 0.7708333333333334
Classifier lr
lraccuracy on clean data 0.7645833333333333
lraccuracy on tainted data 0.4270833333333333
lrACRA accuracy on tainted data var0 0.75625
lrACRA accuracy on tainted data var0.3 0.7958333333333333
Classifier rf
rfaccuracy on clean data 0.7458333333333333
rfaccuracy on tainted data 0.41041666666666665
rfACRA accuracy on tainted data var0 0.7979166666666667
rfACRA accuracy on tainted data var0.3 0.7916666666666666
Writing Experiment  6
Experiment:  7
Classifier nb
nbaccuracy on clean data 0.7145833333333333
nbaccuracy on tainted data 0.41041666666666665
nbACRA accuracy on tainted data var0 0.75
nbACRA accuracy on tainted data var0.3 0.7479166666666667
Classifier nn
nnaccuracy on clean data 0.7083333333333334
nnaccuracy on tainted data 0.41041666666666665
nnACRA accuracy on tainted data var0 0.8208333333333333
nnACRA accuracy on tainted data var0.3 0.8479166666666667
Classifier lr
lraccuracy on clean data 0.7104166666666667
lraccuracy on tainted data 0.39791666666666664
lrACRA accuracy on tainted data var0 0.7291666666666666
lrACRA accuracy on tainted data var0.3 0.7208333333333333
Classifier rf
rfaccuracy on clean data 0.7104166666666667
rfaccuracy on tainted data 0.3770833333333333
rfACRA accuracy on tainted data var0 0.7875
rfACRA accuracy on tainted data var0.3 0.8145833333333333
Writing Experiment  7
Experiment:  8
Classifier nb
nbaccuracy on clean data 0.7833333333333333
nbaccuracy on tainted data 0.4166666666666667
nbACRA accuracy on tainted data var0 0.8895833333333333
nbACRA accuracy on tainted data var0.3 0.88125
Classifier nn
nnaccuracy on clean data 0.7666666666666667
nnaccuracy on tainted data 0.4395833333333333
nnACRA accuracy on tainted data var0 0.7416666666666667
nnACRA accuracy on tainted data var0.3 0.7416666666666667
Classifier lr
lraccuracy on clean data 0.7875
lraccuracy on tainted data 0.425
lrACRA accuracy on tainted data var0 0.7354166666666667
lrACRA accuracy on tainted data var0.3 0.7416666666666667
Classifier rf
rfaccuracy on clean data 0.71875
rfaccuracy on tainted data 0.3875
rfACRA accuracy on tainted data var0 0.8104166666666667
rfACRA accuracy on tainted data var0.3 0.825
Writing Experiment  8
Experiment:  9
Classifier nb
nbaccuracy on clean data 0.7166666666666667
nbaccuracy on tainted data 0.41041666666666665
nbACRA accuracy on tainted data var0 0.76875
nbACRA accuracy on tainted data var0.3 0.7625
Classifier nn
nnaccuracy on clean data 0.51875
nnaccuracy on tainted data 0.49375
nnACRA accuracy on tainted data var0 0.5083333333333333
nnACRA accuracy on tainted data var0.3 0.5
Classifier lr
lraccuracy on clean data 0.7375
lraccuracy on tainted data 0.41875
lrACRA accuracy on tainted data var0 0.7416666666666667
lrACRA accuracy on tainted data var0.3 0.85
Classifier rf
rfaccuracy on clean data 0.7083333333333334
rfaccuracy on tainted data 0.39375
rfACRA accuracy on tainted data var0 0.8
rfACRA accuracy on tainted data var0.3 0.8041666666666667
Writing Experiment  9
