Number of bads in sentiment bad
68
Number of bads in sentiment good
3
Experiment:  0
nbaccuracy on clean data 0.7166666666666667
nbaccuracy on tainted data 0.3458333333333333
nbACRA accuracy on tainted data var 0.1 0.9416666666666667
nnaccuracy on clean data 0.7041666666666667
nnaccuracy on tainted data 0.32916666666666666
nnACRA accuracy on tainted data var 0.1 0.7791666666666667
svmaccuracy on clean data 0.7125
svmaccuracy on tainted data 0.32083333333333336
svmACRA accuracy on tainted data var 0.1 0.4875
lraccuracy on clean data 0.7375
lraccuracy on tainted data 0.3458333333333333
lrACRA accuracy on tainted data var 0.1 0.5708333333333333
rfaccuracy on clean data 0.7375
rfaccuracy on tainted data 0.3375
rfACRA accuracy on tainted data var 0.1 0.8041666666666667
Writing Experiment  0
Experiment:  1
nbaccuracy on clean data 0.7041666666666667
nbaccuracy on tainted data 0.3333333333333333
nbACRA accuracy on tainted data var 0.1 0.975
nnaccuracy on clean data 0.7125
nnaccuracy on tainted data 0.3
nnACRA accuracy on tainted data var 0.1 0.8666666666666667
svmaccuracy on clean data 0.6791666666666667
svmaccuracy on tainted data 0.30416666666666664
svmACRA accuracy on tainted data var 0.1 0.5041666666666667
lraccuracy on clean data 0.7208333333333333
lraccuracy on tainted data 0.31666666666666665
lrACRA accuracy on tainted data var 0.1 0.7291666666666666
rfaccuracy on clean data 0.7333333333333333
rfaccuracy on tainted data 0.3375
rfACRA accuracy on tainted data var 0.1 0.85
Writing Experiment  1
Experiment:  2
nbaccuracy on clean data 0.7291666666666666
nbaccuracy on tainted data 0.35
nbACRA accuracy on tainted data var 0.1 0.9875
nnaccuracy on clean data 0.75
nnaccuracy on tainted data 0.3541666666666667
nnACRA accuracy on tainted data var 0.1 0.8375
svmaccuracy on clean data 0.7166666666666667
svmaccuracy on tainted data 0.3125
svmACRA accuracy on tainted data var 0.1 0.4666666666666667
lraccuracy on clean data 0.7208333333333333
lraccuracy on tainted data 0.3375
lrACRA accuracy on tainted data var 0.1 0.5333333333333333
rfaccuracy on clean data 0.7208333333333333
rfaccuracy on tainted data 0.3375
rfACRA accuracy on tainted data var 0.1 0.7833333333333333
Writing Experiment  2
Experiment:  3
nbaccuracy on clean data 0.7208333333333333
nbaccuracy on tainted data 0.30833333333333335
nbACRA accuracy on tainted data var 0.1 0.9916666666666667
nnaccuracy on clean data 0.7041666666666667
nnaccuracy on tainted data 0.2875
nnACRA accuracy on tainted data var 0.1 0.6208333333333333
svmaccuracy on clean data 0.7375
svmaccuracy on tainted data 0.2833333333333333
svmACRA accuracy on tainted data var 0.1 0.425
lraccuracy on clean data 0.75
lraccuracy on tainted data 0.3
lrACRA accuracy on tainted data var 0.1 0.5541666666666667
rfaccuracy on clean data 0.7083333333333334
rfaccuracy on tainted data 0.29583333333333334
rfACRA accuracy on tainted data var 0.1 0.8041666666666667
Writing Experiment  3
Experiment:  4
nbaccuracy on clean data 0.7333333333333333
nbaccuracy on tainted data 0.3458333333333333
nbACRA accuracy on tainted data var 0.1 0.9875
nnaccuracy on clean data 0.6958333333333333
nnaccuracy on tainted data 0.2916666666666667
nnACRA accuracy on tainted data var 0.1 0.8083333333333333
svmaccuracy on clean data 0.6958333333333333
svmaccuracy on tainted data 0.2833333333333333
svmACRA accuracy on tainted data var 0.1 0.5166666666666667
lraccuracy on clean data 0.7333333333333333
lraccuracy on tainted data 0.31666666666666665
lrACRA accuracy on tainted data var 0.1 0.5916666666666667
rfaccuracy on clean data 0.7166666666666667
rfaccuracy on tainted data 0.32083333333333336
rfACRA accuracy on tainted data var 0.1 0.8833333333333333
Writing Experiment  4
Experiment:  5
nbaccuracy on clean data 0.7083333333333334
nbaccuracy on tainted data 0.32916666666666666
nbACRA accuracy on tainted data var 0.1 0.95
nnaccuracy on clean data 0.5833333333333334
nnaccuracy on tainted data 0.3875
nnACRA accuracy on tainted data var 0.1 0.5791666666666667
svmaccuracy on clean data 0.7375
svmaccuracy on tainted data 0.3416666666666667
svmACRA accuracy on tainted data var 0.1 0.4583333333333333
lraccuracy on clean data 0.7125
lraccuracy on tainted data 0.3375
lrACRA accuracy on tainted data var 0.1 0.6083333333333333
rfaccuracy on clean data 0.7375
rfaccuracy on tainted data 0.3541666666666667
rfACRA accuracy on tainted data var 0.1 0.8541666666666666
Writing Experiment  5
Experiment:  6
nbaccuracy on clean data 0.7208333333333333
nbaccuracy on tainted data 0.3625
nbACRA accuracy on tainted data var 0.1 0.9708333333333333
nnaccuracy on clean data 0.5875
nnaccuracy on tainted data 0.48333333333333334
nnACRA accuracy on tainted data var 0.1 0.8
svmaccuracy on clean data 0.7083333333333334
svmaccuracy on tainted data 0.32916666666666666
svmACRA accuracy on tainted data var 0.1 0.475
lraccuracy on clean data 0.7083333333333334
lraccuracy on tainted data 0.3416666666666667
lrACRA accuracy on tainted data var 0.1 0.6708333333333333
rfaccuracy on clean data 0.6916666666666667
rfaccuracy on tainted data 0.3416666666666667
rfACRA accuracy on tainted data var 0.1 0.8458333333333333
Writing Experiment  6
Experiment:  7
nbaccuracy on clean data 0.7208333333333333
nbaccuracy on tainted data 0.2875
nbACRA accuracy on tainted data var 0.1 0.9833333333333333
nnaccuracy on clean data 0.7166666666666667
nnaccuracy on tainted data 0.2791666666666667
nnACRA accuracy on tainted data var 0.1 0.7166666666666667
svmaccuracy on clean data 0.7208333333333333
svmaccuracy on tainted data 0.24583333333333332
svmACRA accuracy on tainted data var 0.1 0.49583333333333335
lraccuracy on clean data 0.7166666666666667
lraccuracy on tainted data 0.25833333333333336
lrACRA accuracy on tainted data var 0.1 0.5208333333333334
rfaccuracy on clean data 0.7125
rfaccuracy on tainted data 0.26666666666666666
rfACRA accuracy on tainted data var 0.1 0.7791666666666667
Writing Experiment  7
Experiment:  8
nbaccuracy on clean data 0.7416666666666667
nbaccuracy on tainted data 0.3
nbACRA accuracy on tainted data var 0.1 0.9208333333333333
nnaccuracy on clean data 0.7166666666666667
nnaccuracy on tainted data 0.2833333333333333
nnACRA accuracy on tainted data var 0.1 0.8208333333333333
svmaccuracy on clean data 0.7583333333333333
svmaccuracy on tainted data 0.2916666666666667
svmACRA accuracy on tainted data var 0.1 0.38333333333333336
lraccuracy on clean data 0.75
lraccuracy on tainted data 0.2875
lrACRA accuracy on tainted data var 0.1 0.49166666666666664
rfaccuracy on clean data 0.725
rfaccuracy on tainted data 0.2916666666666667
rfACRA accuracy on tainted data var 0.1 0.9083333333333333
Writing Experiment  8
Experiment:  9
nbaccuracy on clean data 0.725
nbaccuracy on tainted data 0.37083333333333335
nbACRA accuracy on tainted data var 0.1 0.9666666666666667
nnaccuracy on clean data 0.7375
nnaccuracy on tainted data 0.38333333333333336
nnACRA accuracy on tainted data var 0.1 0.7791666666666667
svmaccuracy on clean data 0.7375
svmaccuracy on tainted data 0.3625
svmACRA accuracy on tainted data var 0.1 0.44583333333333336
lraccuracy on clean data 0.7333333333333333
lraccuracy on tainted data 0.375
lrACRA accuracy on tainted data var 0.1 0.6166666666666667
rfaccuracy on clean data 0.7125
rfaccuracy on tainted data 0.38333333333333336
rfACRA accuracy on tainted data var 0.1 0.8583333333333333
Writing Experiment  9
