Number of bads in sentiment bad
68
Number of bads in sentiment good
3
Experiment:  0
rfaccuracy on clean data 0.7333333333333333
40
rfaccuracy on tainted data 0.3458333333333333
rfACRA accuracy on tainted data var 0.1 0.8375
rfaccuracy on clean data 0.7333333333333333
40
rfaccuracy on tainted data 0.3458333333333333
rfACRA accuracy on tainted data var 0.1 0.6416666666666667
rfaccuracy on clean data 0.7333333333333333
40
rfaccuracy on tainted data 0.3458333333333333
rfACRA accuracy on tainted data var 0.1 0.4166666666666667
rfaccuracy on clean data 0.7333333333333333
40
rfaccuracy on tainted data 0.3458333333333333
rfACRA accuracy on tainted data var 0.1 0.5958333333333333
rfaccuracy on clean data 0.7333333333333333
40
rfaccuracy on tainted data 0.3458333333333333
rfACRA accuracy on tainted data var 0.1 0.48333333333333334
rfaccuracy on clean data 0.7333333333333333
40
rfaccuracy on tainted data 0.3458333333333333
rfACRA accuracy on tainted data var 0.1 0.5458333333333333
rfaccuracy on clean data 0.7333333333333333
40
rfaccuracy on tainted data 0.3458333333333333
rfACRA accuracy on tainted data var 0.1 0.5041666666666667
rfaccuracy on clean data 0.7333333333333333
40
rfaccuracy on tainted data 0.3458333333333333
rfACRA accuracy on tainted data var 0.1 0.45
   tolerance  acc_raw_clean  acc_raw_att  acc_acra_att
0          1       0.733333     0.345833      0.837500
1          2       0.733333     0.345833      0.641667
2          3       0.733333     0.345833      0.416667
3          4       0.733333     0.345833      0.595833
4          5       0.733333     0.345833      0.483333
5          6       0.733333     0.345833      0.545833
6          7       0.733333     0.345833      0.504167
7          8       0.733333     0.345833      0.450000
Writing Experiment  0
Experiment:  1
rfaccuracy on clean data 0.6875
40
rfaccuracy on tainted data 0.32083333333333336
rfACRA accuracy on tainted data var 0.1 0.9041666666666667
rfaccuracy on clean data 0.6875
40
rfaccuracy on tainted data 0.32083333333333336
rfACRA accuracy on tainted data var 0.1 0.6833333333333333
rfaccuracy on clean data 0.6875
40
rfaccuracy on tainted data 0.32083333333333336
rfACRA accuracy on tainted data var 0.1 0.4666666666666667
rfaccuracy on clean data 0.6875
40
rfaccuracy on tainted data 0.32083333333333336
rfACRA accuracy on tainted data var 0.1 0.5125
rfaccuracy on clean data 0.6875
40
rfaccuracy on tainted data 0.32083333333333336
rfACRA accuracy on tainted data var 0.1 0.5041666666666667
rfaccuracy on clean data 0.6875
40
rfaccuracy on tainted data 0.32083333333333336
rfACRA accuracy on tainted data var 0.1 0.5083333333333333
rfaccuracy on clean data 0.6875
40
rfaccuracy on tainted data 0.32083333333333336
rfACRA accuracy on tainted data var 0.1 0.45416666666666666
rfaccuracy on clean data 0.6875
40
rfaccuracy on tainted data 0.32083333333333336
rfACRA accuracy on tainted data var 0.1 0.49583333333333335
   tolerance  acc_raw_clean  acc_raw_att  acc_acra_att
0          1         0.6875     0.320833      0.904167
1          2         0.6875     0.320833      0.683333
2          3         0.6875     0.320833      0.466667
3          4         0.6875     0.320833      0.512500
4          5         0.6875     0.320833      0.504167
5          6         0.6875     0.320833      0.508333
6          7         0.6875     0.320833      0.454167
7          8         0.6875     0.320833      0.495833
Writing Experiment  1
Experiment:  2
rfaccuracy on clean data 0.7291666666666666
40
rfaccuracy on tainted data 0.325
rfACRA accuracy on tainted data var 0.1 0.7625
rfaccuracy on clean data 0.7291666666666666
40
rfaccuracy on tainted data 0.325
rfACRA accuracy on tainted data var 0.1 0.6541666666666667
rfaccuracy on clean data 0.7291666666666666
40
rfaccuracy on tainted data 0.325
rfACRA accuracy on tainted data var 0.1 0.4875
rfaccuracy on clean data 0.7291666666666666
40
rfaccuracy on tainted data 0.325
rfACRA accuracy on tainted data var 0.1 0.4708333333333333
rfaccuracy on clean data 0.7291666666666666
40
rfaccuracy on tainted data 0.325
rfACRA accuracy on tainted data var 0.1 0.48333333333333334
rfaccuracy on clean data 0.7291666666666666
40
rfaccuracy on tainted data 0.325
rfACRA accuracy on tainted data var 0.1 0.475
rfaccuracy on clean data 0.7291666666666666
40
rfaccuracy on tainted data 0.325
rfACRA accuracy on tainted data var 0.1 0.575
rfaccuracy on clean data 0.7291666666666666
40
rfaccuracy on tainted data 0.325
rfACRA accuracy on tainted data var 0.1 0.5125
   tolerance  acc_raw_clean  acc_raw_att  acc_acra_att
0          1       0.729167        0.325      0.762500
1          2       0.729167        0.325      0.654167
2          3       0.729167        0.325      0.487500
3          4       0.729167        0.325      0.470833
4          5       0.729167        0.325      0.483333
5          6       0.729167        0.325      0.475000
6          7       0.729167        0.325      0.575000
7          8       0.729167        0.325      0.512500
Writing Experiment  2
Experiment:  3
rfaccuracy on clean data 0.7291666666666666
40
rfaccuracy on tainted data 0.36666666666666664
rfACRA accuracy on tainted data var 0.1 0.8
rfaccuracy on clean data 0.7291666666666666
40
rfaccuracy on tainted data 0.36666666666666664
rfACRA accuracy on tainted data var 0.1 0.5583333333333333
rfaccuracy on clean data 0.7291666666666666
40
rfaccuracy on tainted data 0.36666666666666664
rfACRA accuracy on tainted data var 0.1 0.43333333333333335
rfaccuracy on clean data 0.7291666666666666
40
rfaccuracy on tainted data 0.36666666666666664
rfACRA accuracy on tainted data var 0.1 0.5291666666666667
rfaccuracy on clean data 0.7291666666666666
40
rfaccuracy on tainted data 0.36666666666666664
rfACRA accuracy on tainted data var 0.1 0.5083333333333333
rfaccuracy on clean data 0.7291666666666666
40
rfaccuracy on tainted data 0.36666666666666664
rfACRA accuracy on tainted data var 0.1 0.5166666666666667
rfaccuracy on clean data 0.7291666666666666
40
rfaccuracy on tainted data 0.36666666666666664
rfACRA accuracy on tainted data var 0.1 0.42916666666666664
rfaccuracy on clean data 0.7291666666666666
40
rfaccuracy on tainted data 0.36666666666666664
rfACRA accuracy on tainted data var 0.1 0.4791666666666667
   tolerance  acc_raw_clean  acc_raw_att  acc_acra_att
0          1       0.729167     0.366667      0.800000
1          2       0.729167     0.366667      0.558333
2          3       0.729167     0.366667      0.433333
3          4       0.729167     0.366667      0.529167
4          5       0.729167     0.366667      0.508333
5          6       0.729167     0.366667      0.516667
6          7       0.729167     0.366667      0.429167
7          8       0.729167     0.366667      0.479167
Writing Experiment  3
Experiment:  4
rfaccuracy on clean data 0.6875
40
rfaccuracy on tainted data 0.2625
rfACRA accuracy on tainted data var 0.1 0.7375
rfaccuracy on clean data 0.6875
40
rfaccuracy on tainted data 0.2625
rfACRA accuracy on tainted data var 0.1 0.6
rfaccuracy on clean data 0.6875
40
rfaccuracy on tainted data 0.2625
rfACRA accuracy on tainted data var 0.1 0.49583333333333335
rfaccuracy on clean data 0.6875
40
rfaccuracy on tainted data 0.2625
rfACRA accuracy on tainted data var 0.1 0.4708333333333333
rfaccuracy on clean data 0.6875
40
rfaccuracy on tainted data 0.2625
rfACRA accuracy on tainted data var 0.1 0.4708333333333333
rfaccuracy on clean data 0.6875
40
rfaccuracy on tainted data 0.2625
rfACRA accuracy on tainted data var 0.1 0.5416666666666666
rfaccuracy on clean data 0.6875
40
rfaccuracy on tainted data 0.2625
rfACRA accuracy on tainted data var 0.1 0.4708333333333333
rfaccuracy on clean data 0.6875
40
rfaccuracy on tainted data 0.2625
rfACRA accuracy on tainted data var 0.1 0.4125
   tolerance  acc_raw_clean  acc_raw_att  acc_acra_att
0          1         0.6875       0.2625      0.737500
1          2         0.6875       0.2625      0.600000
2          3         0.6875       0.2625      0.495833
3          4         0.6875       0.2625      0.470833
4          5         0.6875       0.2625      0.470833
5          6         0.6875       0.2625      0.541667
6          7         0.6875       0.2625      0.470833
7          8         0.6875       0.2625      0.412500
Writing Experiment  4
Experiment:  5
rfaccuracy on clean data 0.7083333333333334
40
rfaccuracy on tainted data 0.2833333333333333
rfACRA accuracy on tainted data var 0.1 0.8375
rfaccuracy on clean data 0.7083333333333334
40
rfaccuracy on tainted data 0.2833333333333333
rfACRA accuracy on tainted data var 0.1 0.6916666666666667
rfaccuracy on clean data 0.7083333333333334
40
rfaccuracy on tainted data 0.2833333333333333
rfACRA accuracy on tainted data var 0.1 0.425
rfaccuracy on clean data 0.7083333333333334
40
rfaccuracy on tainted data 0.2833333333333333
rfACRA accuracy on tainted data var 0.1 0.4708333333333333
rfaccuracy on clean data 0.7083333333333334
40
rfaccuracy on tainted data 0.2833333333333333
rfACRA accuracy on tainted data var 0.1 0.5
rfaccuracy on clean data 0.7083333333333334
40
rfaccuracy on tainted data 0.2833333333333333
rfACRA accuracy on tainted data var 0.1 0.4625
rfaccuracy on clean data 0.7083333333333334
40
rfaccuracy on tainted data 0.2833333333333333
rfACRA accuracy on tainted data var 0.1 0.45416666666666666
rfaccuracy on clean data 0.7083333333333334
40
rfaccuracy on tainted data 0.2833333333333333
rfACRA accuracy on tainted data var 0.1 0.5125
   tolerance  acc_raw_clean  acc_raw_att  acc_acra_att
0          1       0.708333     0.283333      0.837500
1          2       0.708333     0.283333      0.691667
2          3       0.708333     0.283333      0.425000
3          4       0.708333     0.283333      0.470833
4          5       0.708333     0.283333      0.500000
5          6       0.708333     0.283333      0.462500
6          7       0.708333     0.283333      0.454167
7          8       0.708333     0.283333      0.512500
Writing Experiment  5
Experiment:  6
rfaccuracy on clean data 0.7125
40
rfaccuracy on tainted data 0.32083333333333336
rfACRA accuracy on tainted data var 0.1 0.8208333333333333
rfaccuracy on clean data 0.7125
40
rfaccuracy on tainted data 0.32083333333333336
rfACRA accuracy on tainted data var 0.1 0.65
rfaccuracy on clean data 0.7125
40
rfaccuracy on tainted data 0.32083333333333336
rfACRA accuracy on tainted data var 0.1 0.4625
rfaccuracy on clean data 0.7125
40
rfaccuracy on tainted data 0.32083333333333336
rfACRA accuracy on tainted data var 0.1 0.5041666666666667
rfaccuracy on clean data 0.7125
40
rfaccuracy on tainted data 0.32083333333333336
rfACRA accuracy on tainted data var 0.1 0.4583333333333333
rfaccuracy on clean data 0.7125
40
rfaccuracy on tainted data 0.32083333333333336
rfACRA accuracy on tainted data var 0.1 0.4875
rfaccuracy on clean data 0.7125
40
rfaccuracy on tainted data 0.32083333333333336
rfACRA accuracy on tainted data var 0.1 0.5083333333333333
rfaccuracy on clean data 0.7125
40
rfaccuracy on tainted data 0.32083333333333336
rfACRA accuracy on tainted data var 0.1 0.45
   tolerance  acc_raw_clean  acc_raw_att  acc_acra_att
0          1         0.7125     0.320833      0.820833
1          2         0.7125     0.320833      0.650000
2          3         0.7125     0.320833      0.462500
3          4         0.7125     0.320833      0.504167
4          5         0.7125     0.320833      0.458333
5          6         0.7125     0.320833      0.487500
6          7         0.7125     0.320833      0.508333
7          8         0.7125     0.320833      0.450000
Writing Experiment  6
Experiment:  7
rfaccuracy on clean data 0.7083333333333334
40
rfaccuracy on tainted data 0.3458333333333333
rfACRA accuracy on tainted data var 0.1 0.7708333333333334
rfaccuracy on clean data 0.7083333333333334
40
rfaccuracy on tainted data 0.3458333333333333
rfACRA accuracy on tainted data var 0.1 0.6416666666666667
rfaccuracy on clean data 0.7083333333333334
40
rfaccuracy on tainted data 0.3458333333333333
rfACRA accuracy on tainted data var 0.1 0.475
rfaccuracy on clean data 0.7083333333333334
40
rfaccuracy on tainted data 0.3458333333333333
rfACRA accuracy on tainted data var 0.1 0.49166666666666664
rfaccuracy on clean data 0.7083333333333334
40
rfaccuracy on tainted data 0.3458333333333333
rfACRA accuracy on tainted data var 0.1 0.4875
rfaccuracy on clean data 0.7083333333333334
40
rfaccuracy on tainted data 0.3458333333333333
rfACRA accuracy on tainted data var 0.1 0.5041666666666667
rfaccuracy on clean data 0.7083333333333334
40
rfaccuracy on tainted data 0.3458333333333333
rfACRA accuracy on tainted data var 0.1 0.49583333333333335
rfaccuracy on clean data 0.7083333333333334
40
rfaccuracy on tainted data 0.3458333333333333
rfACRA accuracy on tainted data var 0.1 0.5041666666666667
   tolerance  acc_raw_clean  acc_raw_att  acc_acra_att
0          1       0.708333     0.345833      0.770833
1          2       0.708333     0.345833      0.641667
2          3       0.708333     0.345833      0.475000
3          4       0.708333     0.345833      0.491667
4          5       0.708333     0.345833      0.487500
5          6       0.708333     0.345833      0.504167
6          7       0.708333     0.345833      0.495833
7          8       0.708333     0.345833      0.504167
Writing Experiment  7
Experiment:  8
rfaccuracy on clean data 0.7166666666666667
40
rfaccuracy on tainted data 0.3333333333333333
rfACRA accuracy on tainted data var 0.1 0.7833333333333333
rfaccuracy on clean data 0.7166666666666667
40
rfaccuracy on tainted data 0.3333333333333333
rfACRA accuracy on tainted data var 0.1 0.6
rfaccuracy on clean data 0.7166666666666667
40
rfaccuracy on tainted data 0.3333333333333333
rfACRA accuracy on tainted data var 0.1 0.4083333333333333
rfaccuracy on clean data 0.7166666666666667
40
rfaccuracy on tainted data 0.3333333333333333
rfACRA accuracy on tainted data var 0.1 0.49583333333333335
rfaccuracy on clean data 0.7166666666666667
40
rfaccuracy on tainted data 0.3333333333333333
rfACRA accuracy on tainted data var 0.1 0.5041666666666667
rfaccuracy on clean data 0.7166666666666667
40
rfaccuracy on tainted data 0.3333333333333333
rfACRA accuracy on tainted data var 0.1 0.4708333333333333
rfaccuracy on clean data 0.7166666666666667
40
rfaccuracy on tainted data 0.3333333333333333
rfACRA accuracy on tainted data var 0.1 0.475
rfaccuracy on clean data 0.7166666666666667
40
rfaccuracy on tainted data 0.3333333333333333
rfACRA accuracy on tainted data var 0.1 0.525
   tolerance  acc_raw_clean  acc_raw_att  acc_acra_att
0          1       0.716667     0.333333      0.783333
1          2       0.716667     0.333333      0.600000
2          3       0.716667     0.333333      0.408333
3          4       0.716667     0.333333      0.495833
4          5       0.716667     0.333333      0.504167
5          6       0.716667     0.333333      0.470833
6          7       0.716667     0.333333      0.475000
7          8       0.716667     0.333333      0.525000
Writing Experiment  8
Experiment:  9
rfaccuracy on clean data 0.7333333333333333
40
rfaccuracy on tainted data 0.30416666666666664
rfACRA accuracy on tainted data var 0.1 0.7416666666666667
rfaccuracy on clean data 0.7333333333333333
40
rfaccuracy on tainted data 0.30416666666666664
rfACRA accuracy on tainted data var 0.1 0.5708333333333333
rfaccuracy on clean data 0.7333333333333333
40
rfaccuracy on tainted data 0.30416666666666664
rfACRA accuracy on tainted data var 0.1 0.4791666666666667
rfaccuracy on clean data 0.7333333333333333
40
rfaccuracy on tainted data 0.30416666666666664
rfACRA accuracy on tainted data var 0.1 0.49166666666666664
rfaccuracy on clean data 0.7333333333333333
40
rfaccuracy on tainted data 0.30416666666666664
rfACRA accuracy on tainted data var 0.1 0.49166666666666664
rfaccuracy on clean data 0.7333333333333333
40
rfaccuracy on tainted data 0.30416666666666664
rfACRA accuracy on tainted data var 0.1 0.5
rfaccuracy on clean data 0.7333333333333333
40
rfaccuracy on tainted data 0.30416666666666664
rfACRA accuracy on tainted data var 0.1 0.45416666666666666
rfaccuracy on clean data 0.7333333333333333
40
rfaccuracy on tainted data 0.30416666666666664
rfACRA accuracy on tainted data var 0.1 0.4791666666666667
   tolerance  acc_raw_clean  acc_raw_att  acc_acra_att
0          1       0.733333     0.304167      0.741667
1          2       0.733333     0.304167      0.570833
2          3       0.733333     0.304167      0.479167
3          4       0.733333     0.304167      0.491667
4          5       0.733333     0.304167      0.491667
5          6       0.733333     0.304167      0.500000
6          7       0.733333     0.304167      0.454167
7          8       0.733333     0.304167      0.479167
Writing Experiment  9
