Number of bads in sentiment bad
68
Number of bads in sentiment good
3
Experiment:  0
Classifier nn
nnaccuracy on clean data 0.7208333333333333
nnaccuracy on tainted data 0.3416666666666667
nnACRA accuracy on tainted data var0 0.6
nnACRA accuracy on tainted data var0.3 0.6041666666666666
Classifier gb
gbaccuracy on clean data 0.7791666666666667
gbaccuracy on tainted data 0.24583333333333332
gbACRA accuracy on tainted data var0 0.3541666666666667
gbACRA accuracy on tainted data var0.3 0.35833333333333334
Classifier rf
rfaccuracy on clean data 0.7916666666666666
rfaccuracy on tainted data 0.26666666666666666
rfACRA accuracy on tainted data var0 0.3125
rfACRA accuracy on tainted data var0.3 0.35
Classifier adaboost
adaboostaccuracy on clean data 0.775
adaboostaccuracy on tainted data 0.2708333333333333
adaboostACRA accuracy on tainted data var0 0.4083333333333333
adaboostACRA accuracy on tainted data var0.3 0.36666666666666664
Writing Experiment  0
Experiment:  1
Classifier nn
nnaccuracy on clean data 0.6666666666666666
nnaccuracy on tainted data 0.3
nnACRA accuracy on tainted data var0 0.6958333333333333
nnACRA accuracy on tainted data var0.3 0.7125
Classifier gb
gbaccuracy on clean data 0.7083333333333334
gbaccuracy on tainted data 0.2708333333333333
gbACRA accuracy on tainted data var0 0.4875
gbACRA accuracy on tainted data var0.3 0.4875
Classifier rf
rfaccuracy on clean data 0.7041666666666667
rfaccuracy on tainted data 0.24166666666666667
rfACRA accuracy on tainted data var0 0.2916666666666667
rfACRA accuracy on tainted data var0.3 0.32083333333333336
Classifier adaboost
adaboostaccuracy on clean data 0.7291666666666666
adaboostaccuracy on tainted data 0.2916666666666667
adaboostACRA accuracy on tainted data var0 0.43333333333333335
adaboostACRA accuracy on tainted data var0.3 0.3625
Writing Experiment  1
Experiment:  2
Classifier nn
nnaccuracy on clean data 0.725
nnaccuracy on tainted data 0.3541666666666667
nnACRA accuracy on tainted data var0 0.7333333333333333
nnACRA accuracy on tainted data var0.3 0.7291666666666666
Classifier gb
gbaccuracy on clean data 0.7333333333333333
gbaccuracy on tainted data 0.3125
gbACRA accuracy on tainted data var0 0.49166666666666664
gbACRA accuracy on tainted data var0.3 0.48333333333333334
Classifier rf
rfaccuracy on clean data 0.7333333333333333
rfaccuracy on tainted data 0.2875
rfACRA accuracy on tainted data var0 0.2833333333333333
rfACRA accuracy on tainted data var0.3 0.3
Classifier adaboost
adaboostaccuracy on clean data 0.7583333333333333
adaboostaccuracy on tainted data 0.3333333333333333
adaboostACRA accuracy on tainted data var0 0.44166666666666665
adaboostACRA accuracy on tainted data var0.3 0.475
Writing Experiment  2
Experiment:  3
Classifier nn
nnaccuracy on clean data 0.7125
nnaccuracy on tainted data 0.2791666666666667
nnACRA accuracy on tainted data var0 0.6416666666666667
nnACRA accuracy on tainted data var0.3 0.6416666666666667
Classifier gb
gbaccuracy on clean data 0.7333333333333333
gbaccuracy on tainted data 0.24583333333333332
gbACRA accuracy on tainted data var0 0.49166666666666664
gbACRA accuracy on tainted data var0.3 0.4625
Classifier rf
rfaccuracy on clean data 0.7375
rfaccuracy on tainted data 0.24583333333333332
rfACRA accuracy on tainted data var0 0.3125
rfACRA accuracy on tainted data var0.3 0.3125
Classifier adaboost
adaboostaccuracy on clean data 0.7291666666666666
adaboostaccuracy on tainted data 0.2625
adaboostACRA accuracy on tainted data var0 0.425
adaboostACRA accuracy on tainted data var0.3 0.36666666666666664
Writing Experiment  3
Experiment:  4
Classifier nn
nnaccuracy on clean data 0.7083333333333334
nnaccuracy on tainted data 0.325
nnACRA accuracy on tainted data var0 0.7333333333333333
nnACRA accuracy on tainted data var0.3 0.7291666666666666
Classifier gb
gbaccuracy on clean data 0.7583333333333333
gbaccuracy on tainted data 0.2833333333333333
gbACRA accuracy on tainted data var0 0.42916666666666664
gbACRA accuracy on tainted data var0.3 0.4666666666666667
Classifier rf
rfaccuracy on clean data 0.7666666666666667
rfaccuracy on tainted data 0.2833333333333333
rfACRA accuracy on tainted data var0 0.26666666666666666
rfACRA accuracy on tainted data var0.3 0.30833333333333335
Classifier adaboost
adaboostaccuracy on clean data 0.7708333333333334
adaboostaccuracy on tainted data 0.35833333333333334
adaboostACRA accuracy on tainted data var0 0.49583333333333335
adaboostACRA accuracy on tainted data var0.3 0.44166666666666665
Writing Experiment  4
Experiment:  5
Classifier nn
nnaccuracy on clean data 0.4625
nnaccuracy on tainted data 0.4625
nnACRA accuracy on tainted data var0 0.4625
nnACRA accuracy on tainted data var0.3 0.4625
Classifier gb
gbaccuracy on clean data 0.75
gbaccuracy on tainted data 0.26666666666666666
gbACRA accuracy on tainted data var0 0.4375
gbACRA accuracy on tainted data var0.3 0.42916666666666664
Classifier rf
rfaccuracy on clean data 0.75
rfaccuracy on tainted data 0.25833333333333336
rfACRA accuracy on tainted data var0 0.35833333333333334
rfACRA accuracy on tainted data var0.3 0.4125
Classifier adaboost
adaboostaccuracy on clean data 0.7625
adaboostaccuracy on tainted data 0.275
adaboostACRA accuracy on tainted data var0 0.36666666666666664
adaboostACRA accuracy on tainted data var0.3 0.325
Writing Experiment  5
Experiment:  6
Classifier nn
nnaccuracy on clean data 0.7208333333333333
nnaccuracy on tainted data 0.36666666666666664
nnACRA accuracy on tainted data var0 0.8041666666666667
nnACRA accuracy on tainted data var0.3 0.8041666666666667
Classifier gb
gbaccuracy on clean data 0.6666666666666666
gbaccuracy on tainted data 0.2791666666666667
gbACRA accuracy on tainted data var0 0.5166666666666667
gbACRA accuracy on tainted data var0.3 0.5208333333333334
Classifier rf
rfaccuracy on clean data 0.6125
rfaccuracy on tainted data 0.20833333333333334
rfACRA accuracy on tainted data var0 0.24583333333333332
rfACRA accuracy on tainted data var0.3 0.125
Classifier adaboost
adaboostaccuracy on clean data 0.65
adaboostaccuracy on tainted data 0.30833333333333335
adaboostACRA accuracy on tainted data var0 0.5125
adaboostACRA accuracy on tainted data var0.3 0.4666666666666667
Writing Experiment  6
Experiment:  7
Classifier nn
nnaccuracy on clean data 0.725
nnaccuracy on tainted data 0.3458333333333333
nnACRA accuracy on tainted data var0 0.7583333333333333
nnACRA accuracy on tainted data var0.3 0.7416666666666667
Classifier gb
gbaccuracy on clean data 0.75
gbaccuracy on tainted data 0.2833333333333333
gbACRA accuracy on tainted data var0 0.4375
gbACRA accuracy on tainted data var0.3 0.44166666666666665
Classifier rf
rfaccuracy on clean data 0.7166666666666667
rfaccuracy on tainted data 0.24583333333333332
rfACRA accuracy on tainted data var0 0.21666666666666667
rfACRA accuracy on tainted data var0.3 0.275
Classifier adaboost
adaboostaccuracy on clean data 0.7541666666666667
adaboostaccuracy on tainted data 0.3125
adaboostACRA accuracy on tainted data var0 0.37916666666666665
adaboostACRA accuracy on tainted data var0.3 0.3458333333333333
Writing Experiment  7
Experiment:  8
Classifier nn
nnaccuracy on clean data 0.6666666666666666
nnaccuracy on tainted data 0.26666666666666666
nnACRA accuracy on tainted data var0 0.6208333333333333
nnACRA accuracy on tainted data var0.3 0.5625
Classifier gb
gbaccuracy on clean data 0.7041666666666667
gbaccuracy on tainted data 0.24583333333333332
gbACRA accuracy on tainted data var0 0.4083333333333333
gbACRA accuracy on tainted data var0.3 0.43333333333333335
Classifier rf
rfaccuracy on clean data 0.6875
rfaccuracy on tainted data 0.2125
rfACRA accuracy on tainted data var0 0.2916666666666667
rfACRA accuracy on tainted data var0.3 0.3416666666666667
Classifier adaboost
adaboostaccuracy on clean data 0.6875
adaboostaccuracy on tainted data 0.25416666666666665
adaboostACRA accuracy on tainted data var0 0.42083333333333334
adaboostACRA accuracy on tainted data var0.3 0.3958333333333333
Writing Experiment  8
Experiment:  9
Classifier nn
nnaccuracy on clean data 0.725
nnaccuracy on tainted data 0.35833333333333334
nnACRA accuracy on tainted data var0 0.6458333333333334
nnACRA accuracy on tainted data var0.3 0.6333333333333333
Classifier gb
gbaccuracy on clean data 0.7166666666666667
gbaccuracy on tainted data 0.2916666666666667
gbACRA accuracy on tainted data var0 0.4375
gbACRA accuracy on tainted data var0.3 0.44166666666666665
Classifier rf
rfaccuracy on clean data 0.7166666666666667
rfaccuracy on tainted data 0.2875
rfACRA accuracy on tainted data var0 0.22083333333333333
rfACRA accuracy on tainted data var0.3 0.21666666666666667
Classifier adaboost
adaboostaccuracy on clean data 0.7458333333333333
adaboostaccuracy on tainted data 0.3375
adaboostACRA accuracy on tainted data var0 0.4583333333333333
adaboostACRA accuracy on tainted data var0.3 0.5083333333333333
Writing Experiment  9
