Number of bads in sentiment bad
68
Number of bads in sentiment good
3
Experiment:  0
Classifier nb
nbaccuracy on clean data 0.775
nbaccuracy on tainted data 0.3333333333333333
nbACRA accuracy on tainted data var0 0.5583333333333333
nbACRA accuracy on tainted data var0.4 0.5791666666666667
Classifier nn
nnaccuracy on clean data 0.7083333333333334
nnaccuracy on tainted data 0.30833333333333335
nnACRA accuracy on tainted data var0 0.6958333333333333
nnACRA accuracy on tainted data var0.4 0.6833333333333333
Classifier svm
svmaccuracy on clean data 0.7708333333333334
svmaccuracy on tainted data 0.30833333333333335
svmACRA accuracy on tainted data var0 0.49166666666666664
svmACRA accuracy on tainted data var0.4 0.5
Classifier lr
lraccuracy on clean data 0.7833333333333333
lraccuracy on tainted data 0.325
lrACRA accuracy on tainted data var0 0.49166666666666664
lrACRA accuracy on tainted data var0.4 0.4708333333333333
Classifier rf
rfaccuracy on clean data 0.7666666666666667
rfaccuracy on tainted data 0.32916666666666666
rfACRA accuracy on tainted data var0 0.6291666666666667
rfACRA accuracy on tainted data var0.4 0.6666666666666666
Writing Experiment  0
Experiment:  1
Classifier nb
nbaccuracy on clean data 0.75
nbaccuracy on tainted data 0.38333333333333336
nbACRA accuracy on tainted data var0 0.7833333333333333
nbACRA accuracy on tainted data var0.4 0.8
Classifier nn
nnaccuracy on clean data 0.4791666666666667
nnaccuracy on tainted data 0.375
nnACRA accuracy on tainted data var0 0.4791666666666667
nnACRA accuracy on tainted data var0.4 0.475
Classifier svm
svmaccuracy on clean data 0.75
svmaccuracy on tainted data 0.37916666666666665
svmACRA accuracy on tainted data var0 0.5375
svmACRA accuracy on tainted data var0.4 0.5708333333333333
Classifier lr
lraccuracy on clean data 0.7541666666666667
lraccuracy on tainted data 0.38333333333333336
lrACRA accuracy on tainted data var0 0.5
lrACRA accuracy on tainted data var0.4 0.5166666666666667
Classifier rf
rfaccuracy on clean data 0.725
rfaccuracy on tainted data 0.375
rfACRA accuracy on tainted data var0 0.7208333333333333
rfACRA accuracy on tainted data var0.4 0.7
Writing Experiment  1
Experiment:  2
Classifier nb
nbaccuracy on clean data 0.7541666666666667
nbaccuracy on tainted data 0.3416666666666667
nbACRA accuracy on tainted data var0 0.6416666666666667
nbACRA accuracy on tainted data var0.4 0.65
Classifier nn
nnaccuracy on clean data 0.7708333333333334
nnaccuracy on tainted data 0.35833333333333334
nnACRA accuracy on tainted data var0 0.625
nnACRA accuracy on tainted data var0.4 0.6708333333333333
Classifier svm
svmaccuracy on clean data 0.7208333333333333
svmaccuracy on tainted data 0.32083333333333336
svmACRA accuracy on tainted data var0 0.4375
svmACRA accuracy on tainted data var0.4 0.5083333333333333
Classifier lr
lraccuracy on clean data 0.75
lraccuracy on tainted data 0.3333333333333333
lrACRA accuracy on tainted data var0 0.5
lrACRA accuracy on tainted data var0.4 0.525
Classifier rf
rfaccuracy on clean data 0.725
rfaccuracy on tainted data 0.30833333333333335
rfACRA accuracy on tainted data var0 0.7083333333333334
rfACRA accuracy on tainted data var0.4 0.6833333333333333
Writing Experiment  2
Experiment:  3
Classifier nb
nbaccuracy on clean data 0.7
nbaccuracy on tainted data 0.3
nbACRA accuracy on tainted data var0 0.6083333333333333
nbACRA accuracy on tainted data var0.4 0.6166666666666667
Classifier nn
nnaccuracy on clean data 0.5
nnaccuracy on tainted data 0.5
nnACRA accuracy on tainted data var0 0.5
nnACRA accuracy on tainted data var0.4 0.5
Classifier svm
svmaccuracy on clean data 0.6791666666666667
svmaccuracy on tainted data 0.2708333333333333
svmACRA accuracy on tainted data var0 0.5291666666666667
svmACRA accuracy on tainted data var0.4 0.475
Classifier lr
lraccuracy on clean data 0.6916666666666667
lraccuracy on tainted data 0.2916666666666667
lrACRA accuracy on tainted data var0 0.49583333333333335
lrACRA accuracy on tainted data var0.4 0.49583333333333335
Classifier rf
rfaccuracy on clean data 0.6875
rfaccuracy on tainted data 0.30416666666666664
rfACRA accuracy on tainted data var0 0.7333333333333333
rfACRA accuracy on tainted data var0.4 0.6791666666666667
Writing Experiment  3
Experiment:  4
Classifier nb
nbaccuracy on clean data 0.7458333333333333
nbaccuracy on tainted data 0.32083333333333336
nbACRA accuracy on tainted data var0 0.5708333333333333
nbACRA accuracy on tainted data var0.4 0.5875
Classifier nn
nnaccuracy on clean data 0.7333333333333333
nnaccuracy on tainted data 0.32083333333333336
nnACRA accuracy on tainted data var0 0.7416666666666667
nnACRA accuracy on tainted data var0.4 0.7541666666666667
Classifier svm
svmaccuracy on clean data 0.7458333333333333
svmaccuracy on tainted data 0.2916666666666667
svmACRA accuracy on tainted data var0 0.4708333333333333
svmACRA accuracy on tainted data var0.4 0.475
Classifier lr
lraccuracy on clean data 0.7583333333333333
lraccuracy on tainted data 0.30833333333333335
lrACRA accuracy on tainted data var0 0.4875
lrACRA accuracy on tainted data var0.4 0.48333333333333334
Classifier rf
rfaccuracy on clean data 0.7166666666666667
rfaccuracy on tainted data 0.30416666666666664
rfACRA accuracy on tainted data var0 0.7458333333333333
rfACRA accuracy on tainted data var0.4 0.7125
Writing Experiment  4
Experiment:  5
Classifier nb
nbaccuracy on clean data 0.6708333333333333
nbaccuracy on tainted data 0.2791666666666667
nbACRA accuracy on tainted data var0 0.6041666666666666
nbACRA accuracy on tainted data var0.4 0.6083333333333333
Classifier nn
nnaccuracy on clean data 0.6875
nnaccuracy on tainted data 0.2791666666666667
nnACRA accuracy on tainted data var0 0.5625
nnACRA accuracy on tainted data var0.4 0.5791666666666667
Classifier svm
svmaccuracy on clean data 0.6541666666666667
svmaccuracy on tainted data 0.25833333333333336
svmACRA accuracy on tainted data var0 0.5083333333333333
svmACRA accuracy on tainted data var0.4 0.475
Classifier lr
lraccuracy on clean data 0.6625
lraccuracy on tainted data 0.2833333333333333
lrACRA accuracy on tainted data var0 0.4791666666666667
lrACRA accuracy on tainted data var0.4 0.45
Classifier rf
rfaccuracy on clean data 0.6583333333333333
rfaccuracy on tainted data 0.2875
rfACRA accuracy on tainted data var0 0.75
rfACRA accuracy on tainted data var0.4 0.7458333333333333
Writing Experiment  5
Experiment:  6
Classifier nb
nbaccuracy on clean data 0.725
nbaccuracy on tainted data 0.3
nbACRA accuracy on tainted data var0 0.725
nbACRA accuracy on tainted data var0.4 0.7416666666666667
Classifier nn
nnaccuracy on clean data 0.7291666666666666
nnaccuracy on tainted data 0.3125
nnACRA accuracy on tainted data var0 0.6666666666666666
nnACRA accuracy on tainted data var0.4 0.6916666666666667
Classifier svm
svmaccuracy on clean data 0.7166666666666667
svmaccuracy on tainted data 0.30833333333333335
svmACRA accuracy on tainted data var0 0.5125
svmACRA accuracy on tainted data var0.4 0.5208333333333334
Classifier lr
lraccuracy on clean data 0.7375
lraccuracy on tainted data 0.3125
lrACRA accuracy on tainted data var0 0.5541666666666667
lrACRA accuracy on tainted data var0.4 0.5291666666666667
Classifier rf
rfaccuracy on clean data 0.7083333333333334
rfaccuracy on tainted data 0.3125
rfACRA accuracy on tainted data var0 0.7708333333333334
rfACRA accuracy on tainted data var0.4 0.7708333333333334
Writing Experiment  6
Experiment:  7
Classifier nb
nbaccuracy on clean data 0.6625
nbaccuracy on tainted data 0.31666666666666665
nbACRA accuracy on tainted data var0 0.6041666666666666
nbACRA accuracy on tainted data var0.4 0.6041666666666666
Classifier nn
nnaccuracy on clean data 0.6666666666666666
nnaccuracy on tainted data 0.3125
nnACRA accuracy on tainted data var0 0.6666666666666666
nnACRA accuracy on tainted data var0.4 0.6833333333333333
Classifier svm
svmaccuracy on clean data 0.6708333333333333
svmaccuracy on tainted data 0.275
svmACRA accuracy on tainted data var0 0.5083333333333333
svmACRA accuracy on tainted data var0.4 0.49583333333333335
Classifier lr
lraccuracy on clean data 0.6583333333333333
lraccuracy on tainted data 0.29583333333333334
lrACRA accuracy on tainted data var0 0.4875
lrACRA accuracy on tainted data var0.4 0.4666666666666667
Classifier rf
rfaccuracy on clean data 0.6958333333333333
rfaccuracy on tainted data 0.3
rfACRA accuracy on tainted data var0 0.7041666666666667
rfACRA accuracy on tainted data var0.4 0.6833333333333333
Writing Experiment  7
Experiment:  8
Classifier nb
nbaccuracy on clean data 0.7166666666666667
nbaccuracy on tainted data 0.35833333333333334
nbACRA accuracy on tainted data var0 0.6125
nbACRA accuracy on tainted data var0.4 0.6291666666666667
Classifier nn
nnaccuracy on clean data 0.7166666666666667
nnaccuracy on tainted data 0.3625
nnACRA accuracy on tainted data var0 0.7291666666666666
nnACRA accuracy on tainted data var0.4 0.7875
Classifier svm
svmaccuracy on clean data 0.7166666666666667
svmaccuracy on tainted data 0.3458333333333333
svmACRA accuracy on tainted data var0 0.48333333333333334
svmACRA accuracy on tainted data var0.4 0.5
Classifier lr
lraccuracy on clean data 0.725
lraccuracy on tainted data 0.3625
lrACRA accuracy on tainted data var0 0.5
lrACRA accuracy on tainted data var0.4 0.5291666666666667
Classifier rf
rfaccuracy on clean data 0.675
rfaccuracy on tainted data 0.3541666666666667
rfACRA accuracy on tainted data var0 0.7125
rfACRA accuracy on tainted data var0.4 0.7708333333333334
Writing Experiment  8
Experiment:  9
Classifier nb
nbaccuracy on clean data 0.7416666666666667
nbaccuracy on tainted data 0.39166666666666666
nbACRA accuracy on tainted data var0 0.6791666666666667
nbACRA accuracy on tainted data var0.4 0.7166666666666667
Classifier nn
nnaccuracy on clean data 0.5625
nnaccuracy on tainted data 0.425
nnACRA accuracy on tainted data var0 0.5333333333333333
nnACRA accuracy on tainted data var0.4 0.6208333333333333
Classifier svm
svmaccuracy on clean data 0.6833333333333333
svmaccuracy on tainted data 0.3
svmACRA accuracy on tainted data var0 0.49166666666666664
svmACRA accuracy on tainted data var0.4 0.5
Classifier lr
lraccuracy on clean data 0.7291666666666666
lraccuracy on tainted data 0.35
lrACRA accuracy on tainted data var0 0.525
lrACRA accuracy on tainted data var0.4 0.5375
Classifier rf
rfaccuracy on clean data 0.7083333333333334
rfaccuracy on tainted data 0.3333333333333333
rfACRA accuracy on tainted data var0 0.8041666666666667
rfACRA accuracy on tainted data var0.4 0.775
Writing Experiment  9
