Number of bads in sentiment bad
68
Number of bads in sentiment good
3
Experiment:  0
nnaccuracy on clean data 0.6916666666666667
nnaccuracy on tainted data 0.3541666666666667
nnACRA accuracy on tainted data var 0.1 0.9041666666666667
gbaccuracy on clean data 0.7208333333333333
gbaccuracy on tainted data 0.3375
gbACRA accuracy on tainted data var 0.1 0.625
rfaccuracy on clean data 0.7125
rfaccuracy on tainted data 0.31666666666666665
rfACRA accuracy on tainted data var 0.1 0.21666666666666667
adaboostaccuracy on clean data 0.7291666666666666
adaboostaccuracy on tainted data 0.3541666666666667
adaboostACRA accuracy on tainted data var 0.1 0.42083333333333334
Writing Experiment  0
Experiment:  1
nnaccuracy on clean data 0.675
nnaccuracy on tainted data 0.37916666666666665
nnACRA accuracy on tainted data var 0.1 0.7625
gbaccuracy on clean data 0.7208333333333333
gbaccuracy on tainted data 0.2708333333333333
gbACRA accuracy on tainted data var 0.1 0.5666666666666667
rfaccuracy on clean data 0.7
rfaccuracy on tainted data 0.23333333333333334
rfACRA accuracy on tainted data var 0.1 0.20833333333333334
adaboostaccuracy on clean data 0.7208333333333333
adaboostaccuracy on tainted data 0.275
adaboostACRA accuracy on tainted data var 0.1 0.44583333333333336
Writing Experiment  1
Experiment:  2
nnaccuracy on clean data 0.675
nnaccuracy on tainted data 0.2625
nnACRA accuracy on tainted data var 0.1 0.5208333333333334
gbaccuracy on clean data 0.7291666666666666
gbaccuracy on tainted data 0.2375
gbACRA accuracy on tainted data var 0.1 0.4375
rfaccuracy on clean data 0.7333333333333333
rfaccuracy on tainted data 0.22083333333333333
rfACRA accuracy on tainted data var 0.1 0.2791666666666667
adaboostaccuracy on clean data 0.7
adaboostaccuracy on tainted data 0.24583333333333332
adaboostACRA accuracy on tainted data var 0.1 0.4625
Writing Experiment  2
Experiment:  3
nnaccuracy on clean data 0.7041666666666667
nnaccuracy on tainted data 0.325
nnACRA accuracy on tainted data var 0.1 0.5541666666666667
gbaccuracy on clean data 0.6875
gbaccuracy on tainted data 0.2625
gbACRA accuracy on tainted data var 0.1 0.4125
rfaccuracy on clean data 0.6708333333333333
rfaccuracy on tainted data 0.23333333333333334
rfACRA accuracy on tainted data var 0.1 0.25
adaboostaccuracy on clean data 0.7291666666666666
adaboostaccuracy on tainted data 0.3
adaboostACRA accuracy on tainted data var 0.1 0.5083333333333333
Writing Experiment  3
Experiment:  4
nnaccuracy on clean data 0.6458333333333334
nnaccuracy on tainted data 0.3125
nnACRA accuracy on tainted data var 0.1 0.9166666666666666
gbaccuracy on clean data 0.75
gbaccuracy on tainted data 0.30833333333333335
gbACRA accuracy on tainted data var 0.1 0.4166666666666667
rfaccuracy on clean data 0.7125
rfaccuracy on tainted data 0.2708333333333333
rfACRA accuracy on tainted data var 0.1 0.22916666666666666
adaboostaccuracy on clean data 0.75
adaboostaccuracy on tainted data 0.31666666666666665
adaboostACRA accuracy on tainted data var 0.1 0.4125
Writing Experiment  4
Experiment:  5
nnaccuracy on clean data 0.7333333333333333
nnaccuracy on tainted data 0.3541666666666667
nnACRA accuracy on tainted data var 0.1 0.8416666666666667
gbaccuracy on clean data 0.7625
gbaccuracy on tainted data 0.275
gbACRA accuracy on tainted data var 0.1 0.425
rfaccuracy on clean data 0.7708333333333334
rfaccuracy on tainted data 0.2875
rfACRA accuracy on tainted data var 0.1 0.275
adaboostaccuracy on clean data 0.7541666666666667
adaboostaccuracy on tainted data 0.30833333333333335
adaboostACRA accuracy on tainted data var 0.1 0.5416666666666666
Writing Experiment  5
Experiment:  6
nnaccuracy on clean data 0.7375
nnaccuracy on tainted data 0.3625
nnACRA accuracy on tainted data var 0.1 0.975
gbaccuracy on clean data 0.7041666666666667
gbaccuracy on tainted data 0.30416666666666664
gbACRA accuracy on tainted data var 0.1 0.44583333333333336
rfaccuracy on clean data 0.6666666666666666
rfaccuracy on tainted data 0.25833333333333336
rfACRA accuracy on tainted data var 0.1 0.17916666666666667
adaboostaccuracy on clean data 0.7125
adaboostaccuracy on tainted data 0.32916666666666666
adaboostACRA accuracy on tainted data var 0.1 0.5166666666666667
Writing Experiment  6
Experiment:  7
nnaccuracy on clean data 0.7458333333333333
nnaccuracy on tainted data 0.3458333333333333
nnACRA accuracy on tainted data var 0.1 0.8583333333333333
gbaccuracy on clean data 0.7625
gbaccuracy on tainted data 0.29583333333333334
gbACRA accuracy on tainted data var 0.1 0.5291666666666667
rfaccuracy on clean data 0.7208333333333333
rfaccuracy on tainted data 0.25416666666666665
rfACRA accuracy on tainted data var 0.1 0.25416666666666665
adaboostaccuracy on clean data 0.75
adaboostaccuracy on tainted data 0.30416666666666664
adaboostACRA accuracy on tainted data var 0.1 0.5583333333333333
Writing Experiment  7
Experiment:  8
nnaccuracy on clean data 0.7583333333333333
nnaccuracy on tainted data 0.3416666666666667
nnACRA accuracy on tainted data var 0.1 0.7333333333333333
gbaccuracy on clean data 0.7625
gbaccuracy on tainted data 0.30833333333333335
gbACRA accuracy on tainted data var 0.1 0.45
rfaccuracy on clean data 0.775
rfaccuracy on tainted data 0.29583333333333334
rfACRA accuracy on tainted data var 0.1 0.3625
adaboostaccuracy on clean data 0.7708333333333334
adaboostaccuracy on tainted data 0.32083333333333336
adaboostACRA accuracy on tainted data var 0.1 0.45416666666666666
Writing Experiment  8
Experiment:  9
nnaccuracy on clean data 0.6916666666666667
nnaccuracy on tainted data 0.32916666666666666
nnACRA accuracy on tainted data var 0.1 0.6708333333333333
gbaccuracy on clean data 0.7041666666666667
gbaccuracy on tainted data 0.26666666666666666
gbACRA accuracy on tainted data var 0.1 0.44583333333333336
rfaccuracy on clean data 0.6916666666666667
rfaccuracy on tainted data 0.25416666666666665
rfACRA accuracy on tainted data var 0.1 0.20833333333333334
adaboostaccuracy on clean data 0.6875
adaboostaccuracy on tainted data 0.2791666666666667
adaboostACRA accuracy on tainted data var 0.1 0.45
Writing Experiment  9
